2019-07-26 15:06:17.346  INFO 9352 --- [main] c.w.SpringBootDatasourceApplicationTests : Starting SpringBootDatasourceApplicationTests on PC-20180521MXYH with PID 9352 (started by Administrator in D:\github\repository\springbootstudy\spring-boot-datasource)
2019-07-26 15:06:17.357 DEBUG 9352 --- [main] c.w.SpringBootDatasourceApplicationTests : Running with Spring Boot v2.1.1.RELEASE, Spring v5.1.3.RELEASE
2019-07-26 15:06:17.357  INFO 9352 --- [main] c.w.SpringBootDatasourceApplicationTests : No active profile set, falling back to default profiles: default
2019-07-26 15:06:20.331  INFO 9352 --- [MLog-Init-Reporter] com.mchange.v2.log.MLog                  : MLog clients using slf4j logging.
2019-07-26 15:06:21.969  INFO 9352 --- [main] com.mchange.v2.c3p0.C3P0Registry         : Initializing c3p0-0.9.5.2 [built 08-December-2015 22:06:04 -0800; debug? true; trace: 10]
2019-07-26 15:06:22.352  INFO 9352 --- [main] com.zaxxer.hikari.HikariDataSource       : HikariPool-1 - Starting...
2019-07-26 15:06:22.355  WARN 9352 --- [main] com.zaxxer.hikari.util.DriverDataSource  : Registered driver with driverClassName=com.mysql.jdbc.Driver was not found, trying direct instantiation.
2019-07-26 15:06:22.603  INFO 9352 --- [main] com.zaxxer.hikari.HikariDataSource       : HikariPool-1 - Start completed.
2019-07-26 15:06:22.603 DEBUG 9352 --- [main] o.s.jdbc.datasource.init.ScriptUtils     : Executing SQL script from URL [file:/D:/github/repository/springbootstudy/spring-boot-datasource/target/classes/schema.sql]
2019-07-26 15:06:22.640 DEBUG 9352 --- [main] o.s.jdbc.datasource.init.ScriptUtils     : 0 returned as update count for SQL: DROP TABLE IF EXISTS `account_tbl`
2019-07-26 15:06:22.689 DEBUG 9352 --- [main] o.s.jdbc.datasource.init.ScriptUtils     : 0 returned as update count for SQL: CREATE TABLE `account_tbl` ( `id` int(11) NOT NULL AUTO_INCREMENT, `user_id` varchar(255) DEFAULT NULL, `money` int(11) DEFAULT '0', PRIMARY KEY (`id`) ) ENGINE=InnoDB AUTO_INCREMENT=2 DEFAULT CHARSET=utf8
2019-07-26 15:06:22.700 DEBUG 9352 --- [main] o.s.jdbc.datasource.init.ScriptUtils     : 0 returned as update count for SQL: DROP TABLE IF EXISTS `undo_log`
2019-07-26 15:06:22.726 DEBUG 9352 --- [main] o.s.jdbc.datasource.init.ScriptUtils     : 0 returned as update count for SQL: CREATE TABLE `undo_log` ( `id` bigint(20) NOT NULL AUTO_INCREMENT, `branch_id` bigint(20) NOT NULL, `xid` varchar(100) NOT NULL, `rollback_info` longblob NOT NULL, `log_status` int(11) NOT NULL, `log_created` datetime NOT NULL, `log_modified` datetime NOT NULL, `ext` varchar(100) DEFAULT NULL, PRIMARY KEY (`id`), KEY `idx_unionkey` (`xid`,`branch_id`) ) ENGINE=InnoDB DEFAULT CHARSET=utf8
2019-07-26 15:06:22.726 DEBUG 9352 --- [main] o.s.jdbc.datasource.init.ScriptUtils     : Executed SQL script from URL [file:/D:/github/repository/springbootstudy/spring-boot-datasource/target/classes/schema.sql] in 123 ms.
2019-07-26 15:06:22.747  INFO 9352 --- [main] com.zaxxer.hikari.HikariDataSource       : HikariPool-2 - Starting...
2019-07-26 15:06:22.747  WARN 9352 --- [main] com.zaxxer.hikari.util.DriverDataSource  : Registered driver with driverClassName=com.mysql.jdbc.Driver was not found, trying direct instantiation.
2019-07-26 15:06:22.774  INFO 9352 --- [main] com.zaxxer.hikari.HikariDataSource       : HikariPool-2 - Start completed.
2019-07-26 15:06:22.774 DEBUG 9352 --- [main] o.s.jdbc.datasource.init.ScriptUtils     : Executing SQL script from URL [file:/D:/github/repository/springbootstudy/spring-boot-datasource/target/classes/data.sql]
2019-07-26 15:06:22.790 DEBUG 9352 --- [main] o.s.jdbc.datasource.init.ScriptUtils     : 1 returned as update count for SQL: INSERT INTO `account_tbl` VALUES (1, 'wangkang', 100000000)
2019-07-26 15:06:22.790 DEBUG 9352 --- [main] o.s.jdbc.datasource.init.ScriptUtils     : Executed SQL script from URL [file:/D:/github/repository/springbootstudy/spring-boot-datasource/target/classes/data.sql] in 0 ms.
2019-07-26 15:06:24.748  INFO 9352 --- [main] o.s.s.concurrent.ThreadPoolTaskExecutor  : Initializing ExecutorService 'applicationTaskExecutor'
2019-07-26 15:06:25.539  INFO 9352 --- [main] c.w.SpringBootDatasourceApplicationTests : Started SpringBootDatasourceApplicationTests in 10.205 seconds (JVM running for 12.12)
2019-07-26 15:06:26.699  INFO 9352 --- [main] com.alibaba.druid.pool.DruidDataSource   : {dataSource-1} inited
2019-07-26 15:06:26.719  INFO 9352 --- [Thread-2] o.s.s.concurrent.ThreadPoolTaskExecutor  : Shutting down ExecutorService 'applicationTaskExecutor'
2019-07-26 15:06:26.725  INFO 9352 --- [Thread-2] com.alibaba.druid.pool.DruidDataSource   : {dataSource-1} closed
2019-07-26 15:07:24.893  INFO 4740 --- [main] c.w.SpringBootDatasourceApplicationTests : Starting SpringBootDatasourceApplicationTests on PC-20180521MXYH with PID 4740 (started by Administrator in D:\github\repository\springbootstudy\spring-boot-datasource)
2019-07-26 15:07:24.893 DEBUG 4740 --- [main] c.w.SpringBootDatasourceApplicationTests : Running with Spring Boot v2.1.1.RELEASE, Spring v5.1.3.RELEASE
2019-07-26 15:07:24.893  INFO 4740 --- [main] c.w.SpringBootDatasourceApplicationTests : No active profile set, falling back to default profiles: default
2019-07-26 15:07:30.332  INFO 4740 --- [MLog-Init-Reporter] com.mchange.v2.log.MLog                  : MLog clients using slf4j logging.
2019-07-26 15:07:30.629  INFO 4740 --- [main] com.mchange.v2.c3p0.C3P0Registry         : Initializing c3p0-0.9.5.2 [built 08-December-2015 22:06:04 -0800; debug? true; trace: 10]
2019-07-26 15:07:30.901  INFO 4740 --- [main] com.zaxxer.hikari.HikariDataSource       : HikariPool-1 - Starting...
2019-07-26 15:07:30.904  WARN 4740 --- [main] com.zaxxer.hikari.util.DriverDataSource  : Registered driver with driverClassName=com.mysql.jdbc.Driver was not found, trying direct instantiation.
2019-07-26 15:07:31.141  INFO 4740 --- [main] com.zaxxer.hikari.HikariDataSource       : HikariPool-1 - Start completed.
2019-07-26 15:07:31.141 DEBUG 4740 --- [main] o.s.jdbc.datasource.init.ScriptUtils     : Executing SQL script from URL [file:/D:/github/repository/springbootstudy/spring-boot-datasource/target/classes/schema.sql]
2019-07-26 15:07:31.160 DEBUG 4740 --- [main] o.s.jdbc.datasource.init.ScriptUtils     : 0 returned as update count for SQL: DROP TABLE IF EXISTS `account_tbl`
2019-07-26 15:07:31.175 DEBUG 4740 --- [main] o.s.jdbc.datasource.init.ScriptUtils     : 0 returned as update count for SQL: CREATE TABLE `account_tbl` ( `id` int(11) NOT NULL AUTO_INCREMENT, `user_id` varchar(255) DEFAULT NULL, `money` int(11) DEFAULT '0', PRIMARY KEY (`id`) ) ENGINE=InnoDB AUTO_INCREMENT=2 DEFAULT CHARSET=utf8
2019-07-26 15:07:31.175 DEBUG 4740 --- [main] o.s.jdbc.datasource.init.ScriptUtils     : 0 returned as update count for SQL: DROP TABLE IF EXISTS `undo_log`
2019-07-26 15:07:31.207 DEBUG 4740 --- [main] o.s.jdbc.datasource.init.ScriptUtils     : 0 returned as update count for SQL: CREATE TABLE `undo_log` ( `id` bigint(20) NOT NULL AUTO_INCREMENT, `branch_id` bigint(20) NOT NULL, `xid` varchar(100) NOT NULL, `rollback_info` longblob NOT NULL, `log_status` int(11) NOT NULL, `log_created` datetime NOT NULL, `log_modified` datetime NOT NULL, `ext` varchar(100) DEFAULT NULL, PRIMARY KEY (`id`), KEY `idx_unionkey` (`xid`,`branch_id`) ) ENGINE=InnoDB DEFAULT CHARSET=utf8
2019-07-26 15:07:31.207 DEBUG 4740 --- [main] o.s.jdbc.datasource.init.ScriptUtils     : Executed SQL script from URL [file:/D:/github/repository/springbootstudy/spring-boot-datasource/target/classes/schema.sql] in 66 ms.
2019-07-26 15:07:31.222  INFO 4740 --- [main] com.zaxxer.hikari.HikariDataSource       : HikariPool-2 - Starting...
2019-07-26 15:07:31.222  WARN 4740 --- [main] com.zaxxer.hikari.util.DriverDataSource  : Registered driver with driverClassName=com.mysql.jdbc.Driver was not found, trying direct instantiation.
2019-07-26 15:07:31.238  INFO 4740 --- [main] com.zaxxer.hikari.HikariDataSource       : HikariPool-2 - Start completed.
2019-07-26 15:07:31.238 DEBUG 4740 --- [main] o.s.jdbc.datasource.init.ScriptUtils     : Executing SQL script from URL [file:/D:/github/repository/springbootstudy/spring-boot-datasource/target/classes/data.sql]
2019-07-26 15:07:31.238 DEBUG 4740 --- [main] o.s.jdbc.datasource.init.ScriptUtils     : 1 returned as update count for SQL: INSERT INTO `account_tbl` VALUES (1, 'wangkang', 100000000)
2019-07-26 15:07:31.238 DEBUG 4740 --- [main] o.s.jdbc.datasource.init.ScriptUtils     : Executed SQL script from URL [file:/D:/github/repository/springbootstudy/spring-boot-datasource/target/classes/data.sql] in 0 ms.
2019-07-26 15:07:32.700  INFO 4740 --- [main] o.s.s.concurrent.ThreadPoolTaskExecutor  : Initializing ExecutorService 'applicationTaskExecutor'
2019-07-26 15:07:33.403  INFO 4740 --- [main] c.w.SpringBootDatasourceApplicationTests : Started SpringBootDatasourceApplicationTests in 9.181 seconds (JVM running for 10.299)
2019-07-26 15:07:33.951  INFO 4740 --- [main] com.alibaba.druid.pool.DruidDataSource   : {dataSource-1} inited
2019-07-26 15:07:57.367  INFO 4740 --- [Thread-2] o.s.s.concurrent.ThreadPoolTaskExecutor  : Shutting down ExecutorService 'applicationTaskExecutor'
2019-07-26 15:07:57.370  INFO 4740 --- [Thread-2] com.alibaba.druid.pool.DruidDataSource   : {dataSource-1} closed
2019-07-26 15:08:19.571  INFO 11304 --- [main] c.w.SpringBootDatasourceApplicationTests : Starting SpringBootDatasourceApplicationTests on PC-20180521MXYH with PID 11304 (started by Administrator in D:\github\repository\springbootstudy\spring-boot-datasource)
2019-07-26 15:08:19.571 DEBUG 11304 --- [main] c.w.SpringBootDatasourceApplicationTests : Running with Spring Boot v2.1.1.RELEASE, Spring v5.1.3.RELEASE
2019-07-26 15:08:19.571  INFO 11304 --- [main] c.w.SpringBootDatasourceApplicationTests : No active profile set, falling back to default profiles: default
2019-07-26 15:08:20.882  INFO 11304 --- [MLog-Init-Reporter] com.mchange.v2.log.MLog                  : MLog clients using slf4j logging.
2019-07-26 15:08:21.086  INFO 11304 --- [main] com.mchange.v2.c3p0.C3P0Registry         : Initializing c3p0-0.9.5.2 [built 08-December-2015 22:06:04 -0800; debug? true; trace: 10]
2019-07-26 15:08:21.283  INFO 11304 --- [main] com.zaxxer.hikari.HikariDataSource       : HikariPool-1 - Starting...
2019-07-26 15:08:21.283  WARN 11304 --- [main] com.zaxxer.hikari.util.DriverDataSource  : Registered driver with driverClassName=com.mysql.jdbc.Driver was not found, trying direct instantiation.
2019-07-26 15:08:21.423  INFO 11304 --- [main] com.zaxxer.hikari.HikariDataSource       : HikariPool-1 - Start completed.
2019-07-26 15:08:21.439 DEBUG 11304 --- [main] o.s.jdbc.datasource.init.ScriptUtils     : Executing SQL script from URL [file:/D:/github/repository/springbootstudy/spring-boot-datasource/target/classes/schema.sql]
2019-07-26 15:08:21.439 DEBUG 11304 --- [main] o.s.jdbc.datasource.init.ScriptUtils     : 0 returned as update count for SQL: DROP TABLE IF EXISTS `account_tbl`
2019-07-26 15:08:21.470 DEBUG 11304 --- [main] o.s.jdbc.datasource.init.ScriptUtils     : 0 returned as update count for SQL: CREATE TABLE `account_tbl` ( `id` int(11) NOT NULL AUTO_INCREMENT, `user_id` varchar(255) DEFAULT NULL, `money` int(11) DEFAULT '0', PRIMARY KEY (`id`) ) ENGINE=InnoDB AUTO_INCREMENT=2 DEFAULT CHARSET=utf8
2019-07-26 15:08:21.470 DEBUG 11304 --- [main] o.s.jdbc.datasource.init.ScriptUtils     : 0 returned as update count for SQL: DROP TABLE IF EXISTS `undo_log`
2019-07-26 15:08:21.501 DEBUG 11304 --- [main] o.s.jdbc.datasource.init.ScriptUtils     : 0 returned as update count for SQL: CREATE TABLE `undo_log` ( `id` bigint(20) NOT NULL AUTO_INCREMENT, `branch_id` bigint(20) NOT NULL, `xid` varchar(100) NOT NULL, `rollback_info` longblob NOT NULL, `log_status` int(11) NOT NULL, `log_created` datetime NOT NULL, `log_modified` datetime NOT NULL, `ext` varchar(100) DEFAULT NULL, PRIMARY KEY (`id`), KEY `idx_unionkey` (`xid`,`branch_id`) ) ENGINE=InnoDB DEFAULT CHARSET=utf8
2019-07-26 15:08:21.501 DEBUG 11304 --- [main] o.s.jdbc.datasource.init.ScriptUtils     : Executed SQL script from URL [file:/D:/github/repository/springbootstudy/spring-boot-datasource/target/classes/schema.sql] in 62 ms.
2019-07-26 15:08:21.501  INFO 11304 --- [main] com.zaxxer.hikari.HikariDataSource       : HikariPool-2 - Starting...
2019-07-26 15:08:21.501  WARN 11304 --- [main] com.zaxxer.hikari.util.DriverDataSource  : Registered driver with driverClassName=com.mysql.jdbc.Driver was not found, trying direct instantiation.
2019-07-26 15:08:21.517  INFO 11304 --- [main] com.zaxxer.hikari.HikariDataSource       : HikariPool-2 - Start completed.
2019-07-26 15:08:21.517 DEBUG 11304 --- [main] o.s.jdbc.datasource.init.ScriptUtils     : Executing SQL script from URL [file:/D:/github/repository/springbootstudy/spring-boot-datasource/target/classes/data.sql]
2019-07-26 15:08:21.595 DEBUG 11304 --- [main] o.s.jdbc.datasource.init.ScriptUtils     : 1 returned as update count for SQL: INSERT INTO `account_tbl` VALUES (1, 'wangkang', 100000000)
2019-07-26 15:08:21.595 DEBUG 11304 --- [main] o.s.jdbc.datasource.init.ScriptUtils     : Executed SQL script from URL [file:/D:/github/repository/springbootstudy/spring-boot-datasource/target/classes/data.sql] in 78 ms.
2019-07-26 15:08:22.593  INFO 11304 --- [main] o.s.s.concurrent.ThreadPoolTaskExecutor  : Initializing ExecutorService 'applicationTaskExecutor'
2019-07-26 15:08:23.007  INFO 11304 --- [main] c.w.SpringBootDatasourceApplicationTests : Started SpringBootDatasourceApplicationTests in 4.799 seconds (JVM running for 5.794)
2019-07-26 15:09:07.376  INFO 11304 --- [main] com.alibaba.druid.pool.DruidDataSource   : {dataSource-1} inited
2019-07-26 15:09:07.376  INFO 11304 --- [Thread-2] o.s.s.concurrent.ThreadPoolTaskExecutor  : Shutting down ExecutorService 'applicationTaskExecutor'
2019-07-26 15:09:07.393  INFO 11304 --- [Thread-2] com.alibaba.druid.pool.DruidDataSource   : {dataSource-1} closed
2019-07-26 15:09:41.007  INFO 12500 --- [main] c.w.SpringBootDatasourceApplicationTests : Starting SpringBootDatasourceApplicationTests on PC-20180521MXYH with PID 12500 (started by Administrator in D:\github\repository\springbootstudy\spring-boot-datasource)
2019-07-26 15:09:41.007 DEBUG 12500 --- [main] c.w.SpringBootDatasourceApplicationTests : Running with Spring Boot v2.1.1.RELEASE, Spring v5.1.3.RELEASE
2019-07-26 15:09:41.007  INFO 12500 --- [main] c.w.SpringBootDatasourceApplicationTests : No active profile set, falling back to default profiles: default
2019-07-26 15:09:41.990  INFO 12500 --- [MLog-Init-Reporter] com.mchange.v2.log.MLog                  : MLog clients using slf4j logging.
2019-07-26 15:09:43.475  INFO 12500 --- [main] com.mchange.v2.c3p0.C3P0Registry         : Initializing c3p0-0.9.5.2 [built 08-December-2015 22:06:04 -0800; debug? true; trace: 10]
2019-07-26 15:09:43.727  INFO 12500 --- [main] com.zaxxer.hikari.HikariDataSource       : HikariPool-1 - Starting...
2019-07-26 15:09:43.730  WARN 12500 --- [main] com.zaxxer.hikari.util.DriverDataSource  : Registered driver with driverClassName=com.mysql.jdbc.Driver was not found, trying direct instantiation.
2019-07-26 15:09:43.885  INFO 12500 --- [main] com.zaxxer.hikari.HikariDataSource       : HikariPool-1 - Start completed.
2019-07-26 15:09:43.901 DEBUG 12500 --- [main] o.s.jdbc.datasource.init.ScriptUtils     : Executing SQL script from URL [file:/D:/github/repository/springbootstudy/spring-boot-datasource/target/classes/schema.sql]
2019-07-26 15:09:43.916 DEBUG 12500 --- [main] o.s.jdbc.datasource.init.ScriptUtils     : 0 returned as update count for SQL: DROP TABLE IF EXISTS `account_tbl`
2019-07-26 15:09:43.932 DEBUG 12500 --- [main] o.s.jdbc.datasource.init.ScriptUtils     : 0 returned as update count for SQL: CREATE TABLE `account_tbl` ( `id` int(11) NOT NULL AUTO_INCREMENT, `user_id` varchar(255) DEFAULT NULL, `money` int(11) DEFAULT '0', PRIMARY KEY (`id`) ) ENGINE=InnoDB AUTO_INCREMENT=2 DEFAULT CHARSET=utf8
2019-07-26 15:09:43.932 DEBUG 12500 --- [main] o.s.jdbc.datasource.init.ScriptUtils     : 0 returned as update count for SQL: DROP TABLE IF EXISTS `undo_log`
2019-07-26 15:09:43.979 DEBUG 12500 --- [main] o.s.jdbc.datasource.init.ScriptUtils     : 0 returned as update count for SQL: CREATE TABLE `undo_log` ( `id` bigint(20) NOT NULL AUTO_INCREMENT, `branch_id` bigint(20) NOT NULL, `xid` varchar(100) NOT NULL, `rollback_info` longblob NOT NULL, `log_status` int(11) NOT NULL, `log_created` datetime NOT NULL, `log_modified` datetime NOT NULL, `ext` varchar(100) DEFAULT NULL, PRIMARY KEY (`id`), KEY `idx_unionkey` (`xid`,`branch_id`) ) ENGINE=InnoDB DEFAULT CHARSET=utf8
2019-07-26 15:09:43.979 DEBUG 12500 --- [main] o.s.jdbc.datasource.init.ScriptUtils     : Executed SQL script from URL [file:/D:/github/repository/springbootstudy/spring-boot-datasource/target/classes/schema.sql] in 78 ms.
2019-07-26 15:09:43.979  INFO 12500 --- [main] com.zaxxer.hikari.HikariDataSource       : HikariPool-2 - Starting...
2019-07-26 15:09:43.979  WARN 12500 --- [main] com.zaxxer.hikari.util.DriverDataSource  : Registered driver with driverClassName=com.mysql.jdbc.Driver was not found, trying direct instantiation.
2019-07-26 15:09:44.010  INFO 12500 --- [main] com.zaxxer.hikari.HikariDataSource       : HikariPool-2 - Start completed.
2019-07-26 15:09:44.010 DEBUG 12500 --- [main] o.s.jdbc.datasource.init.ScriptUtils     : Executing SQL script from URL [file:/D:/github/repository/springbootstudy/spring-boot-datasource/target/classes/data.sql]
2019-07-26 15:09:44.010 DEBUG 12500 --- [main] o.s.jdbc.datasource.init.ScriptUtils     : 1 returned as update count for SQL: INSERT INTO `account_tbl` VALUES (1, 'wangkang', 100000000)
2019-07-26 15:09:44.010 DEBUG 12500 --- [main] o.s.jdbc.datasource.init.ScriptUtils     : Executed SQL script from URL [file:/D:/github/repository/springbootstudy/spring-boot-datasource/target/classes/data.sql] in 0 ms.
2019-07-26 15:09:45.065  INFO 12500 --- [main] o.s.s.concurrent.ThreadPoolTaskExecutor  : Initializing ExecutorService 'applicationTaskExecutor'
2019-07-26 15:09:45.646  INFO 12500 --- [main] c.w.SpringBootDatasourceApplicationTests : Started SpringBootDatasourceApplicationTests in 5.771 seconds (JVM running for 6.828)
2019-07-26 15:09:46.083  INFO 12500 --- [main] com.alibaba.druid.pool.DruidDataSource   : {dataSource-1} inited
2019-07-26 15:09:46.083  INFO 12500 --- [main] com.alibaba.druid.pool.DruidDataSource   : {dataSource-1} closed
2019-07-26 15:09:46.288  INFO 12500 --- [Thread-2] o.s.s.concurrent.ThreadPoolTaskExecutor  : Shutting down ExecutorService 'applicationTaskExecutor'
